<?xml version="1.0" encoding="UTF-8"?>
<!-- Generated by org.testng.reporters.JUnitReportReporter -->
<testsuite hostname="MYSHEC335333L" failures="0" tests="1" name="SeleniumBootstrap.Assignments.bootstrapSelect" time="19.962" errors="0" timestamp="2020-11-30T23:52:36 IST" skipped="0">
  <testcase classname="SeleniumBootstrap.Assignments.bootstrapSelect" name="testBootStrap" time="19.962"/>
  <system-out/>
</testsuite> <!-- SeleniumBootstrap.Assignments.bootstrapSelect -->
