<?xml version="1.0" encoding="UTF-8"?>
<!-- Generated by org.testng.reporters.JUnitReportReporter -->
<testsuite hostname="MYSHEC335333L" failures="0" tests="1" name="SeleniumBootstrap.Assignments.dragAndDrop" time="18.035" errors="0" timestamp="2020-12-01T08:49:42 IST" skipped="0">
  <testcase classname="SeleniumBootstrap.Assignments.dragAndDrop" name="test" time="18.035"/>
  <system-out/>
</testsuite> <!-- SeleniumBootstrap.Assignments.dragAndDrop -->
